This is pdfTeX, Version 3.141592653-2.6-1.40.29 (TeX Live 2026) (preloaded format=pdflatex 2026.3.18)  2 APR 2026 20:57
entering extended mode
 restricted \write18 enabled.
 %&-line parsing enabled.
**main.tex
(./main.tex
LaTeX2e <2025-11-01>
L3 programming layer <2026-01-19>
(/usr/local/texlive/2026basic/texmf-dist/tex/latex/base/article.cls
Document Class: article 2025/01/22 v1.4n Standard LaTeX document class
(/usr/local/texlive/2026basic/texmf-dist/tex/latex/base/size12.clo
File: size12.clo 2025/01/22 v1.4n Standard LaTeX file (size option)
)
\c@part=\count275
\c@section=\count276
\c@subsection=\count277
\c@subsubsection=\count278
\c@paragraph=\count279
\c@subparagraph=\count280
\c@figure=\count281
\c@table=\count282
\abovecaptionskip=\skip49
\belowcaptionskip=\skip50
\bibindent=\dimen148
)
(/usr/local/texlive/2026basic/texmf-dist/tex/latex/base/inputenc.sty
Package: inputenc 2024/02/08 v1.3d Input encoding file
\inpenc@prehook=\toks17
\inpenc@posthook=\toks18
)
(/usr/local/texlive/2026basic/texmf-dist/tex/latex/base/fontenc.sty
Package: fontenc 2025/07/18 v2.1d Standard LaTeX package
)
(/usr/local/texlive/2026basic/texmf-dist/tex/latex/amsmath/amsmath.sty
Package: amsmath 2025/07/09 v2.17z AMS math features
\@mathmargin=\skip51

For additional information on amsmath, use the `?' option.
(/usr/local/texlive/2026basic/texmf-dist/tex/latex/amsmath/amstext.sty
Package: amstext 2024/11/17 v2.01 AMS text

(/usr/local/texlive/2026basic/texmf-dist/tex/latex/amsmath/amsgen.sty
File: amsgen.sty 1999/11/30 v2.0 generic functions
\@emptytoks=\toks19
\ex@=\dimen149
))
(/usr/local/texlive/2026basic/texmf-dist/tex/latex/amsmath/amsbsy.sty
Package: amsbsy 1999/11/29 v1.2d Bold Symbols
\pmbraise@=\dimen150
)
(/usr/local/texlive/2026basic/texmf-dist/tex/latex/amsmath/amsopn.sty
Package: amsopn 2022/04/08 v2.04 operator names
)
\inf@bad=\count283
LaTeX Info: Redefining \frac on input line 233.
\uproot@=\count284
\leftroot@=\count285
LaTeX Info: Redefining \overline on input line 398.
LaTeX Info: Redefining \colon on input line 409.
\classnum@=\count286
\DOTSCASE@=\count287
LaTeX Info: Redefining \ldots on input line 495.
LaTeX Info: Redefining \dots on input line 498.
LaTeX Info: Redefining \cdots on input line 619.
\Mathstrutbox@=\box53
\strutbox@=\box54
LaTeX Info: Redefining \big on input line 721.
LaTeX Info: Redefining \Big on input line 722.
LaTeX Info: Redefining \bigg on input line 723.
LaTeX Info: Redefining \Bigg on input line 724.
\big@size=\dimen151
LaTeX Font Info:    Redeclaring font encoding OML on input line 742.
LaTeX Font Info:    Redeclaring font encoding OMS on input line 743.
\macc@depth=\count288
LaTeX Info: Redefining \bmod on input line 904.
LaTeX Info: Redefining \pmod on input line 909.
LaTeX Info: Redefining \smash on input line 939.
LaTeX Info: Redefining \relbar on input line 969.
LaTeX Info: Redefining \Relbar on input line 970.
\c@MaxMatrixCols=\count289
\dotsspace@=\muskip17
\c@parentequation=\count290
\dspbrk@lvl=\count291
\tag@help=\toks20
\row@=\count292
\column@=\count293
\maxfields@=\count294
\andhelp@=\toks21
\eqnshift@=\dimen152
\alignsep@=\dimen153
\tagshift@=\dimen154
\tagwidth@=\dimen155
\totwidth@=\dimen156
\lineht@=\dimen157
\@envbody=\toks22
\multlinegap=\skip52
\multlinetaggap=\skip53
\mathdisplay@stack=\toks23
LaTeX Info: Redefining \[ on input line 2950.
LaTeX Info: Redefining \] on input line 2951.
)
(/usr/local/texlive/2026basic/texmf-dist/tex/latex/amsfonts/amssymb.sty
Package: amssymb 2013/01/14 v3.01 AMS font symbols

(/usr/local/texlive/2026basic/texmf-dist/tex/latex/amsfonts/amsfonts.sty
Package: amsfonts 2013/01/14 v3.01 Basic AMSFonts support
\symAMSa=\mathgroup4
\symAMSb=\mathgroup5
LaTeX Font Info:    Redeclaring math symbol \hbar on input line 98.
LaTeX Font Info:    Overwriting math alphabet `\mathfrak' in version `bold'
(Font)                  U/euf/m/n --> U/euf/b/n on input line 106.
))
(/usr/local/texlive/2026basic/texmf-dist/tex/latex/graphics/graphicx.sty
Package: graphicx 2024/12/31 v1.2e Enhanced LaTeX Graphics (DPC,SPQR)

(/usr/local/texlive/2026basic/texmf-dist/tex/latex/graphics/keyval.sty
Package: keyval 2022/05/29 v1.15 key=value parser (DPC)
\KV@toks@=\toks24
)
(/usr/local/texlive/2026basic/texmf-dist/tex/latex/graphics/graphics.sty
Package: graphics 2024/08/06 v1.4g Standard LaTeX Graphics (DPC,SPQR)

(/usr/local/texlive/2026basic/texmf-dist/tex/latex/graphics/trig.sty
Package: trig 2023/12/02 v1.11 sin cos tan (DPC)
)
(/usr/local/texlive/2026basic/texmf-dist/tex/latex/graphics-cfg/graphics.cfg
File: graphics.cfg 2016/06/04 v1.11 sample graphics configuration
)
Package graphics Info: Driver file: pdftex.def on input line 106.

(/usr/local/texlive/2026basic/texmf-dist/tex/latex/graphics-def/pdftex.def
File: pdftex.def 2025/09/29 v1.2d Graphics/color driver for pdftex
))
\Gin@req@height=\dimen158
\Gin@req@width=\dimen159
)
(/usr/local/texlive/2026basic/texmf-dist/tex/latex/booktabs/booktabs.sty
Package: booktabs 2020/01/12 v1.61803398 Publication quality tables
\heavyrulewidth=\dimen160
\lightrulewidth=\dimen161
\cmidrulewidth=\dimen162
\belowrulesep=\dimen163
\belowbottomsep=\dimen164
\aboverulesep=\dimen165
\abovetopsep=\dimen166
\cmidrulesep=\dimen167
\cmidrulekern=\dimen168
\defaultaddspace=\dimen169
\@cmidla=\count295
\@cmidlb=\count296
\@aboverulesep=\dimen170
\@belowrulesep=\dimen171
\@thisruleclass=\count297
\@lastruleclass=\count298
\@thisrulewidth=\dimen172
)
(/usr/local/texlive/2026basic/texmf-dist/tex/latex/hyperref/hyperref.sty
Package: hyperref 2026-01-29 v7.01p Hypertext links for LaTeX

(/Users/ren/Library/texmf/tex/generic/iftex/iftex.sty
Package: iftex 2024/12/12 v1.0g TeX engine tests
)
(/usr/local/texlive/2026basic/texmf-dist/tex/latex/kvsetkeys/kvsetkeys.sty
Package: kvsetkeys 2022-10-05 v1.19 Key value parser (HO)
)
(/usr/local/texlive/2026basic/texmf-dist/tex/generic/kvdefinekeys/kvdefinekeys.
sty
Package: kvdefinekeys 2019-12-19 v1.6 Define keys (HO)
)
(/usr/local/texlive/2026basic/texmf-dist/tex/generic/pdfescape/pdfescape.sty
Package: pdfescape 2019/12/09 v1.15 Implements pdfTeX's escape features (HO)

(/usr/local/texlive/2026basic/texmf-dist/tex/generic/ltxcmds/ltxcmds.sty
Package: ltxcmds 2023-12-04 v1.26 LaTeX kernel commands for general use (HO)
)
(/usr/local/texlive/2026basic/texmf-dist/tex/generic/pdftexcmds/pdftexcmds.sty
Package: pdftexcmds 2020-06-27 v0.33 Utility functions of pdfTeX for LuaTeX (HO
)

(/usr/local/texlive/2026basic/texmf-dist/tex/generic/infwarerr/infwarerr.sty
Package: infwarerr 2019/12/03 v1.5 Providing info/warning/error messages (HO)
)
Package pdftexcmds Info: \pdf@primitive is available.
Package pdftexcmds Info: \pdf@ifprimitive is available.
Package pdftexcmds Info: \pdfdraftmode found.
)) (/usr/local/texlive/2026basic/texmf-dist/tex/latex/hycolor/hycolor.sty
Package: hycolor 2020-01-27 v1.10 Color options for hyperref/bookmark (HO)
)
(/usr/local/texlive/2026basic/texmf-dist/tex/latex/hyperref/nameref.sty
Package: nameref 2026-01-29 v2.58 Cross-referencing by name of section

(/usr/local/texlive/2026basic/texmf-dist/tex/latex/refcount/refcount.sty
Package: refcount 2019/12/15 v3.6 Data extraction from label references (HO)
)
(/usr/local/texlive/2026basic/texmf-dist/tex/generic/gettitlestring/gettitlestr
ing.sty
Package: gettitlestring 2019/12/15 v1.6 Cleanup title references (HO)

(/usr/local/texlive/2026basic/texmf-dist/tex/latex/kvoptions/kvoptions.sty
Package: kvoptions 2022-06-15 v3.15 Key value format for package options (HO)
))
\c@section@level=\count299
)
(/usr/local/texlive/2026basic/texmf-dist/tex/latex/etoolbox/etoolbox.sty
Package: etoolbox 2025/10/02 v2.5m e-TeX tools for LaTeX (JAW)
\etb@tempcnta=\count300
)
(/usr/local/texlive/2026basic/texmf-dist/tex/generic/stringenc/stringenc.sty
Package: stringenc 2019/11/29 v1.12 Convert strings between diff. encodings (HO
)
)
\@linkdim=\dimen173
\Hy@linkcounter=\count301
\Hy@pagecounter=\count302

(/usr/local/texlive/2026basic/texmf-dist/tex/latex/hyperref/pd1enc.def
File: pd1enc.def 2026-01-29 v7.01p Hyperref: PDFDocEncoding definition (HO)
Now handling font encoding PD1 ...
... no UTF-8 mapping file for font encoding PD1
)
(/usr/local/texlive/2026basic/texmf-dist/tex/generic/intcalc/intcalc.sty
Package: intcalc 2019/12/15 v1.3 Expandable calculations with integers (HO)
)
\Hy@SavedSpaceFactor=\count303

(/usr/local/texlive/2026basic/texmf-dist/tex/latex/hyperref/puenc.def
File: puenc.def 2026-01-29 v7.01p Hyperref: PDF Unicode definition (HO)
Now handling font encoding PU ...
... no UTF-8 mapping file for font encoding PU
)
Package hyperref Info: Hyper figures OFF on input line 4201.
Package hyperref Info: Link nesting OFF on input line 4206.
Package hyperref Info: Hyper index ON on input line 4209.
Package hyperref Info: Plain pages OFF on input line 4216.
Package hyperref Info: Backreferencing OFF on input line 4221.
Package hyperref Info: Implicit mode ON; LaTeX internals redefined.
Package hyperref Info: Bookmarks ON on input line 4468.
\c@Hy@tempcnt=\count304

(/usr/local/texlive/2026basic/texmf-dist/tex/latex/url/url.sty
\Urlmuskip=\muskip18
Package: url 2013/09/16  ver 3.4  Verb mode for urls, etc.
)
LaTeX Info: Redefining \url on input line 4807.
\XeTeXLinkMargin=\dimen174

(/usr/local/texlive/2026basic/texmf-dist/tex/generic/bitset/bitset.sty
Package: bitset 2019/12/09 v1.3 Handle bit-vector datatype (HO)

(/usr/local/texlive/2026basic/texmf-dist/tex/generic/bigintcalc/bigintcalc.sty
Package: bigintcalc 2019/12/15 v1.5 Expandable calculations on big integers (HO
)
))
\Fld@menulength=\count305
\Field@Width=\dimen175
\Fld@charsize=\dimen176
Package hyperref Info: Hyper figures OFF on input line 6084.
Package hyperref Info: Link nesting OFF on input line 6089.
Package hyperref Info: Hyper index ON on input line 6092.
Package hyperref Info: backreferencing OFF on input line 6099.
Package hyperref Info: Link coloring OFF on input line 6104.
Package hyperref Info: Link coloring with OCG OFF on input line 6109.
Package hyperref Info: PDF/A mode OFF on input line 6114.
\Hy@abspage=\count306
\c@Item=\count307
\c@Hfootnote=\count308
)
Package hyperref Info: Driver (autodetected): hpdftex.
 (/usr/local/texlive/2026basic/texmf-dist/tex/latex/hyperref/hpdftex.def
File: hpdftex.def 2026-01-29 v7.01p Hyperref driver for pdfTeX
\Fld@listcount=\count309
\c@bookmark@seq@number=\count310

(/usr/local/texlive/2026basic/texmf-dist/tex/latex/rerunfilecheck/rerunfilechec
k.sty
Package: rerunfilecheck 2025-06-21 v1.11 Rerun checks for auxiliary files (HO)

(/usr/local/texlive/2026basic/texmf-dist/tex/generic/uniquecounter/uniquecounte
r.sty
Package: uniquecounter 2019/12/15 v1.4 Provide unlimited unique counter (HO)
)
Package uniquecounter Info: New unique counter `rerunfilecheck' on input line 2
84.
)
\Hy@SectionHShift=\skip54
) (/Users/ren/Library/texmf/tex/latex/natbib/natbib.sty
Package: natbib 2010/09/13 8.31b (PWD, AO)
\bibhang=\skip55
\bibsep=\skip56
LaTeX Info: Redefining \cite on input line 694.
\c@NAT@ctr=\count311
)
(/usr/local/texlive/2026basic/texmf-dist/tex/latex/geometry/geometry.sty
Package: geometry 2020/01/02 v5.9 Page Geometry

(/Users/ren/Library/texmf/tex/generic/iftex/ifvtex.sty
Package: ifvtex 2019/10/25 v1.7 ifvtex legacy package. Use iftex instead.
)
\Gm@cnth=\count312
\Gm@cntv=\count313
\c@Gm@tempcnt=\count314
\Gm@bindingoffset=\dimen177
\Gm@wd@mp=\dimen178
\Gm@odd@mp=\dimen179
\Gm@even@mp=\dimen180
\Gm@layoutwidth=\dimen181
\Gm@layoutheight=\dimen182
\Gm@layouthoffset=\dimen183
\Gm@layoutvoffset=\dimen184
\Gm@dimlist=\toks25
)
(/Users/ren/Library/texmf/tex/latex/enumitem/enumitem.sty
Package: enumitem 2025/02/06 v3.11 Customized lists
\labelindent=\skip57
\enit@outerparindent=\dimen185
\enit@toks=\toks26
\enit@inbox=\box55
\enit@count@id=\count315
\enitdp@description=\count316
)
(/usr/local/texlive/2026basic/texmf-dist/tex/latex/pgf/frontendlayer/tikz.sty
(/usr/local/texlive/2026basic/texmf-dist/tex/latex/pgf/basiclayer/pgf.sty
(/usr/local/texlive/2026basic/texmf-dist/tex/latex/pgf/utilities/pgfrcs.sty
(/usr/local/texlive/2026basic/texmf-dist/tex/generic/pgf/utilities/pgfutil-comm
on.tex
\pgfutil@everybye=\toks27
\pgfutil@tempdima=\dimen186
\pgfutil@tempdimb=\dimen187
)
(/usr/local/texlive/2026basic/texmf-dist/tex/generic/pgf/utilities/pgfutil-late
x.def
\pgfutil@abb=\box56
)
(/usr/local/texlive/2026basic/texmf-dist/tex/generic/pgf/utilities/pgfrcs.code.
tex (/usr/local/texlive/2026basic/texmf-dist/tex/generic/pgf/pgf.revision.tex)
Package: pgfrcs 2025-08-29 v3.1.11a (3.1.11a)
))
Package: pgf 2025-08-29 v3.1.11a (3.1.11a)
 (/usr/local/texlive/2026basic/texmf-dist/tex/latex/pgf/basiclayer/pgfcore.sty 
(/usr/local/texlive/2026basic/texmf-dist/tex/latex/pgf/systemlayer/pgfsys.sty
(/usr/local/texlive/2026basic/texmf-dist/tex/generic/pgf/systemlayer/pgfsys.cod
e.tex
Package: pgfsys 2025-08-29 v3.1.11a (3.1.11a)

(/usr/local/texlive/2026basic/texmf-dist/tex/generic/pgf/utilities/pgfkeys.code
.tex
\pgfkeys@pathtoks=\toks28
\pgfkeys@temptoks=\toks29

(/usr/local/texlive/2026basic/texmf-dist/tex/generic/pgf/utilities/pgfkeyslibra
ryfiltered.code.tex
\pgfkeys@tmptoks=\toks30
))
\pgf@x=\dimen188
\pgf@y=\dimen189
\pgf@xa=\dimen190
\pgf@ya=\dimen191
\pgf@xb=\dimen192
\pgf@yb=\dimen193
\pgf@xc=\dimen194
\pgf@yc=\dimen195
\pgf@xd=\dimen196
\pgf@yd=\dimen197
\w@pgf@writea=\write3
\r@pgf@reada=\read2
\c@pgf@counta=\count317
\c@pgf@countb=\count318
\c@pgf@countc=\count319
\c@pgf@countd=\count320
\t@pgf@toka=\toks31
\t@pgf@tokb=\toks32
\t@pgf@tokc=\toks33
\pgf@sys@id@count=\count321

(/usr/local/texlive/2026basic/texmf-dist/tex/generic/pgf/systemlayer/pgf.cfg
File: pgf.cfg 2025-08-29 v3.1.11a (3.1.11a)
)
Driver file for pgf: pgfsys-pdftex.def

(/usr/local/texlive/2026basic/texmf-dist/tex/generic/pgf/systemlayer/pgfsys-pdf
tex.def
File: pgfsys-pdftex.def 2025-08-29 v3.1.11a (3.1.11a)

(/usr/local/texlive/2026basic/texmf-dist/tex/generic/pgf/systemlayer/pgfsys-com
mon-pdf.def
File: pgfsys-common-pdf.def 2025-08-29 v3.1.11a (3.1.11a)
)))
(/usr/local/texlive/2026basic/texmf-dist/tex/generic/pgf/systemlayer/pgfsyssoft
path.code.tex
File: pgfsyssoftpath.code.tex 2025-08-29 v3.1.11a (3.1.11a)
\pgfsyssoftpath@smallbuffer@items=\count322
\pgfsyssoftpath@bigbuffer@items=\count323
)
(/usr/local/texlive/2026basic/texmf-dist/tex/generic/pgf/systemlayer/pgfsysprot
ocol.code.tex
File: pgfsysprotocol.code.tex 2025-08-29 v3.1.11a (3.1.11a)
))
(/usr/local/texlive/2026basic/texmf-dist/tex/latex/xcolor/xcolor.sty
Package: xcolor 2024/09/29 v3.02 LaTeX color extensions (UK)

(/usr/local/texlive/2026basic/texmf-dist/tex/latex/graphics-cfg/color.cfg
File: color.cfg 2016/01/02 v1.6 sample color configuration
)
Package xcolor Info: Driver file: pdftex.def on input line 274.

(/usr/local/texlive/2026basic/texmf-dist/tex/latex/graphics/mathcolor.ltx)
Package xcolor Info: Model `cmy' substituted by `cmy0' on input line 1349.
Package xcolor Info: Model `hsb' substituted by `rgb' on input line 1353.
Package xcolor Info: Model `RGB' extended on input line 1365.
Package xcolor Info: Model `HTML' substituted by `rgb' on input line 1367.
Package xcolor Info: Model `Hsb' substituted by `hsb' on input line 1368.
Package xcolor Info: Model `tHsb' substituted by `hsb' on input line 1369.
Package xcolor Info: Model `HSB' substituted by `hsb' on input line 1370.
Package xcolor Info: Model `Gray' substituted by `gray' on input line 1371.
Package xcolor Info: Model `wave' substituted by `hsb' on input line 1372.
)
(/usr/local/texlive/2026basic/texmf-dist/tex/generic/pgf/basiclayer/pgfcore.cod
e.tex
Package: pgfcore 2025-08-29 v3.1.11a (3.1.11a)

(/usr/local/texlive/2026basic/texmf-dist/tex/generic/pgf/math/pgfmath.code.tex
(/usr/local/texlive/2026basic/texmf-dist/tex/generic/pgf/math/pgfmathutil.code.
tex)
(/usr/local/texlive/2026basic/texmf-dist/tex/generic/pgf/math/pgfmathparser.cod
e.tex
\pgfmath@dimen=\dimen198
\pgfmath@count=\count324
\pgfmath@box=\box57
\pgfmath@toks=\toks34
\pgfmath@stack@operand=\toks35
\pgfmath@stack@operation=\toks36
)
(/usr/local/texlive/2026basic/texmf-dist/tex/generic/pgf/math/pgfmathfunctions.
code.tex)
(/usr/local/texlive/2026basic/texmf-dist/tex/generic/pgf/math/pgfmathfunctions.
basic.code.tex)
(/usr/local/texlive/2026basic/texmf-dist/tex/generic/pgf/math/pgfmathfunctions.
trigonometric.code.tex)
(/usr/local/texlive/2026basic/texmf-dist/tex/generic/pgf/math/pgfmathfunctions.
random.code.tex)
(/usr/local/texlive/2026basic/texmf-dist/tex/generic/pgf/math/pgfmathfunctions.
comparison.code.tex)
(/usr/local/texlive/2026basic/texmf-dist/tex/generic/pgf/math/pgfmathfunctions.
base.code.tex)
(/usr/local/texlive/2026basic/texmf-dist/tex/generic/pgf/math/pgfmathfunctions.
round.code.tex)
(/usr/local/texlive/2026basic/texmf-dist/tex/generic/pgf/math/pgfmathfunctions.
misc.code.tex)
(/usr/local/texlive/2026basic/texmf-dist/tex/generic/pgf/math/pgfmathfunctions.
integerarithmetics.code.tex)
(/usr/local/texlive/2026basic/texmf-dist/tex/generic/pgf/math/pgfmathcalc.code.
tex)
(/usr/local/texlive/2026basic/texmf-dist/tex/generic/pgf/math/pgfmathfloat.code
.tex
\c@pgfmathroundto@lastzeros=\count325
))
(/usr/local/texlive/2026basic/texmf-dist/tex/generic/pgf/math/pgfint.code.tex)
(/usr/local/texlive/2026basic/texmf-dist/tex/generic/pgf/basiclayer/pgfcorepoin
ts.code.tex
File: pgfcorepoints.code.tex 2025-08-29 v3.1.11a (3.1.11a)
\pgf@picminx=\dimen199
\pgf@picmaxx=\dimen256
\pgf@picminy=\dimen257
\pgf@picmaxy=\dimen258
\pgf@pathminx=\dimen259
\pgf@pathmaxx=\dimen260
\pgf@pathminy=\dimen261
\pgf@pathmaxy=\dimen262
\pgf@xx=\dimen263
\pgf@xy=\dimen264
\pgf@yx=\dimen265
\pgf@yy=\dimen266
\pgf@zx=\dimen267
\pgf@zy=\dimen268
)
(/usr/local/texlive/2026basic/texmf-dist/tex/generic/pgf/basiclayer/pgfcorepath
construct.code.tex
File: pgfcorepathconstruct.code.tex 2025-08-29 v3.1.11a (3.1.11a)
\pgf@path@lastx=\dimen269
\pgf@path@lasty=\dimen270
)
(/usr/local/texlive/2026basic/texmf-dist/tex/generic/pgf/basiclayer/pgfcorepath
usage.code.tex
File: pgfcorepathusage.code.tex 2025-08-29 v3.1.11a (3.1.11a)
\pgf@shorten@end@additional=\dimen271
\pgf@shorten@start@additional=\dimen272
)
(/usr/local/texlive/2026basic/texmf-dist/tex/generic/pgf/basiclayer/pgfcorescop
es.code.tex
File: pgfcorescopes.code.tex 2025-08-29 v3.1.11a (3.1.11a)
\pgfpic=\box58
\pgf@hbox=\box59
\pgf@layerbox@main=\box60
\pgf@picture@serial@count=\count326
)
(/usr/local/texlive/2026basic/texmf-dist/tex/generic/pgf/basiclayer/pgfcoregrap
hicstate.code.tex
File: pgfcoregraphicstate.code.tex 2025-08-29 v3.1.11a (3.1.11a)
\pgflinewidth=\dimen273
)
(/usr/local/texlive/2026basic/texmf-dist/tex/generic/pgf/basiclayer/pgfcoretran
sformations.code.tex
File: pgfcoretransformations.code.tex 2025-08-29 v3.1.11a (3.1.11a)
\pgf@pt@x=\dimen274
\pgf@pt@y=\dimen275
\pgf@pt@temp=\dimen276
)
(/usr/local/texlive/2026basic/texmf-dist/tex/generic/pgf/basiclayer/pgfcorequic
k.code.tex
File: pgfcorequick.code.tex 2025-08-29 v3.1.11a (3.1.11a)
)
(/usr/local/texlive/2026basic/texmf-dist/tex/generic/pgf/basiclayer/pgfcoreobje
cts.code.tex
File: pgfcoreobjects.code.tex 2025-08-29 v3.1.11a (3.1.11a)
)
(/usr/local/texlive/2026basic/texmf-dist/tex/generic/pgf/basiclayer/pgfcorepath
processing.code.tex
File: pgfcorepathprocessing.code.tex 2025-08-29 v3.1.11a (3.1.11a)
)
(/usr/local/texlive/2026basic/texmf-dist/tex/generic/pgf/basiclayer/pgfcorearro
ws.code.tex
File: pgfcorearrows.code.tex 2025-08-29 v3.1.11a (3.1.11a)
\pgfarrowsep=\dimen277
)
(/usr/local/texlive/2026basic/texmf-dist/tex/generic/pgf/basiclayer/pgfcoreshad
e.code.tex
File: pgfcoreshade.code.tex 2025-08-29 v3.1.11a (3.1.11a)
\pgf@max=\dimen278
\pgf@sys@shading@range@num=\count327
\pgf@shadingcount=\count328
)
(/usr/local/texlive/2026basic/texmf-dist/tex/generic/pgf/basiclayer/pgfcoreimag
e.code.tex
File: pgfcoreimage.code.tex 2025-08-29 v3.1.11a (3.1.11a)
)
(/usr/local/texlive/2026basic/texmf-dist/tex/generic/pgf/basiclayer/pgfcoreexte
rnal.code.tex
File: pgfcoreexternal.code.tex 2025-08-29 v3.1.11a (3.1.11a)
\pgfexternal@startupbox=\box61
)
(/usr/local/texlive/2026basic/texmf-dist/tex/generic/pgf/basiclayer/pgfcorelaye
rs.code.tex
File: pgfcorelayers.code.tex 2025-08-29 v3.1.11a (3.1.11a)
)
(/usr/local/texlive/2026basic/texmf-dist/tex/generic/pgf/basiclayer/pgfcoretran
sparency.code.tex
File: pgfcoretransparency.code.tex 2025-08-29 v3.1.11a (3.1.11a)
)
(/usr/local/texlive/2026basic/texmf-dist/tex/generic/pgf/basiclayer/pgfcorepatt
erns.code.tex
File: pgfcorepatterns.code.tex 2025-08-29 v3.1.11a (3.1.11a)
)
(/usr/local/texlive/2026basic/texmf-dist/tex/generic/pgf/basiclayer/pgfcorerdf.
code.tex
File: pgfcorerdf.code.tex 2025-08-29 v3.1.11a (3.1.11a)
)))
(/usr/local/texlive/2026basic/texmf-dist/tex/generic/pgf/modules/pgfmoduleshape
s.code.tex
File: pgfmoduleshapes.code.tex 2025-08-29 v3.1.11a (3.1.11a)
\pgfnodeparttextbox=\box62
)
(/usr/local/texlive/2026basic/texmf-dist/tex/generic/pgf/modules/pgfmoduleplot.
code.tex
File: pgfmoduleplot.code.tex 2025-08-29 v3.1.11a (3.1.11a)
)
(/usr/local/texlive/2026basic/texmf-dist/tex/latex/pgf/compatibility/pgfcomp-ve
rsion-0-65.sty
Package: pgfcomp-version-0-65 2025-08-29 v3.1.11a (3.1.11a)
\pgf@nodesepstart=\dimen279
\pgf@nodesepend=\dimen280
)
(/usr/local/texlive/2026basic/texmf-dist/tex/latex/pgf/compatibility/pgfcomp-ve
rsion-1-18.sty
Package: pgfcomp-version-1-18 2025-08-29 v3.1.11a (3.1.11a)
))
(/usr/local/texlive/2026basic/texmf-dist/tex/latex/pgf/utilities/pgffor.sty
(/usr/local/texlive/2026basic/texmf-dist/tex/latex/pgf/utilities/pgfkeys.sty
(/usr/local/texlive/2026basic/texmf-dist/tex/generic/pgf/utilities/pgfkeys.code
.tex)) (/usr/local/texlive/2026basic/texmf-dist/tex/latex/pgf/math/pgfmath.sty
(/usr/local/texlive/2026basic/texmf-dist/tex/generic/pgf/math/pgfmath.code.tex)
)
(/usr/local/texlive/2026basic/texmf-dist/tex/generic/pgf/utilities/pgffor.code.
tex
Package: pgffor 2025-08-29 v3.1.11a (3.1.11a)
\pgffor@iter=\dimen281
\pgffor@skip=\dimen282
\pgffor@stack=\toks37
\pgffor@toks=\toks38
))
(/usr/local/texlive/2026basic/texmf-dist/tex/generic/pgf/frontendlayer/tikz/tik
z.code.tex
Package: tikz 2025-08-29 v3.1.11a (3.1.11a)

(/usr/local/texlive/2026basic/texmf-dist/tex/generic/pgf/libraries/pgflibrarypl
othandlers.code.tex
File: pgflibraryplothandlers.code.tex 2025-08-29 v3.1.11a (3.1.11a)
\pgf@plot@mark@count=\count329
\pgfplotmarksize=\dimen283
)
\tikz@lastx=\dimen284
\tikz@lasty=\dimen285
\tikz@lastxsaved=\dimen286
\tikz@lastysaved=\dimen287
\tikz@lastmovetox=\dimen288
\tikz@lastmovetoy=\dimen289
\tikzleveldistance=\dimen290
\tikzsiblingdistance=\dimen291
\tikz@figbox=\box63
\tikz@figbox@bg=\box64
\tikz@tempbox=\box65
\tikz@tempbox@bg=\box66
\tikztreelevel=\count330
\tikznumberofchildren=\count331
\tikznumberofcurrentchild=\count332
\tikz@fig@count=\count333

(/usr/local/texlive/2026basic/texmf-dist/tex/generic/pgf/modules/pgfmodulematri
x.code.tex
File: pgfmodulematrix.code.tex 2025-08-29 v3.1.11a (3.1.11a)
\pgfmatrixcurrentrow=\count334
\pgfmatrixcurrentcolumn=\count335
\pgf@matrix@numberofcolumns=\count336
)
\tikz@expandcount=\count337

(/usr/local/texlive/2026basic/texmf-dist/tex/generic/pgf/frontendlayer/tikz/lib
raries/tikzlibrarytopaths.code.tex
File: tikzlibrarytopaths.code.tex 2025-08-29 v3.1.11a (3.1.11a)
)))
(/usr/local/texlive/2026basic/texmf-dist/tex/generic/pgf/frontendlayer/tikz/lib
raries/tikzlibrarypositioning.code.tex
File: tikzlibrarypositioning.code.tex 2025-08-29 v3.1.11a (3.1.11a)
)
(/usr/local/texlive/2026basic/texmf-dist/tex/generic/pgf/libraries/pgflibraryar
rows.meta.code.tex
File: pgflibraryarrows.meta.code.tex 2025-08-29 v3.1.11a (3.1.11a)
\pgfarrowinset=\dimen292
\pgfarrowlength=\dimen293
\pgfarrowwidth=\dimen294
\pgfarrowlinewidth=\dimen295
)
(/usr/local/texlive/2026basic/texmf-dist/tex/generic/pgf/frontendlayer/tikz/lib
raries/tikzlibraryfit.code.tex
File: tikzlibraryfit.code.tex 2025-08-29 v3.1.11a (3.1.11a)
)
(/usr/local/texlive/2026basic/texmf-dist/tex/generic/pgf/frontendlayer/tikz/lib
raries/tikzlibrarybackgrounds.code.tex
File: tikzlibrarybackgrounds.code.tex 2025-08-29 v3.1.11a (3.1.11a)
\pgf@layerbox@background=\box67
\pgf@layerboxsaved@background=\box68
)
(/usr/local/texlive/2026basic/texmf-dist/tex/generic/pgf/frontendlayer/tikz/lib
raries/tikzlibrarycalc.code.tex
File: tikzlibrarycalc.code.tex 2025-08-29 v3.1.11a (3.1.11a)
)
(/usr/local/texlive/2026basic/texmf-dist/tex/latex/l3backend/l3backend-pdftex.d
ef
File: l3backend-pdftex.def 2025-10-09 L3 backend support: PDF output (pdfTeX)
\l__color_backend_stack_int=\count338
)
No file main.aux.
\openout1 = `main.aux'.

LaTeX Font Info:    Checking defaults for OML/cmm/m/it on input line 24.
LaTeX Font Info:    ... okay on input line 24.
LaTeX Font Info:    Checking defaults for OMS/cmsy/m/n on input line 24.
LaTeX Font Info:    ... okay on input line 24.
LaTeX Font Info:    Checking defaults for OT1/cmr/m/n on input line 24.
LaTeX Font Info:    ... okay on input line 24.
LaTeX Font Info:    Checking defaults for T1/cmr/m/n on input line 24.
LaTeX Font Info:    ... okay on input line 24.
LaTeX Font Info:    Checking defaults for TS1/cmr/m/n on input line 24.
LaTeX Font Info:    ... okay on input line 24.
LaTeX Font Info:    Checking defaults for OMX/cmex/m/n on input line 24.
LaTeX Font Info:    ... okay on input line 24.
LaTeX Font Info:    Checking defaults for U/cmr/m/n on input line 24.
LaTeX Font Info:    ... okay on input line 24.
LaTeX Font Info:    Checking defaults for PD1/pdf/m/n on input line 24.
LaTeX Font Info:    ... okay on input line 24.
LaTeX Font Info:    Checking defaults for PU/pdf/m/n on input line 24.
LaTeX Font Info:    ... okay on input line 24.
(/usr/local/texlive/2026basic/texmf-dist/tex/context/base/mkii/supp-pdf.mkii
[Loading MPS to PDF converter (version 2006.09.02).]
\scratchcounter=\count339
\scratchdimen=\dimen296
\scratchbox=\box69
\nofMPsegments=\count340
\nofMParguments=\count341
\everyMPshowfont=\toks39
\MPscratchCnt=\count342
\MPscratchDim=\dimen297
\MPnumerator=\count343
\makeMPintoPDFobject=\count344
\everyMPtoPDFconversion=\toks40
)
(/usr/local/texlive/2026basic/texmf-dist/tex/latex/epstopdf-pkg/epstopdf-base.s
ty
Package: epstopdf-base 2020-01-24 v2.11 Base part for package epstopdf
Package epstopdf-base Info: Redefining graphics rule for `.eps' on input line 4
85.

(/usr/local/texlive/2026basic/texmf-dist/tex/latex/latexconfig/epstopdf-sys.cfg
File: epstopdf-sys.cfg 2010/07/13 v1.3 Configuration of (r)epstopdf for TeX Liv
e
))
Package hyperref Info: Link coloring OFF on input line 24.
\@outlinefile=\write4
\openout4 = `main.out'.


*geometry* driver: auto-detecting
*geometry* detected driver: pdftex
*geometry* verbose mode - [ preamble ] result:
* driver: pdftex
* paper: <default>
* layout: <same size as paper>
* layoutoffset:(h,v)=(0.0pt,0.0pt)
* modes: 
* h-part:(L,W,R)=(72.26999pt, 469.75502pt, 72.26999pt)
* v-part:(T,H,B)=(72.26999pt, 650.43001pt, 72.26999pt)
* \paperwidth=614.295pt
* \paperheight=794.96999pt
* \textwidth=469.75502pt
* \textheight=650.43001pt
* \oddsidemargin=0.0pt
* \evensidemargin=0.0pt
* \topmargin=-37.0pt
* \headheight=12.0pt
* \headsep=25.0pt
* \topskip=12.0pt
* \footskip=30.0pt
* \marginparwidth=44.0pt
* \marginparsep=10.0pt
* \columnsep=10.0pt
* \skip\footins=10.8pt plus 4.0pt minus 2.0pt
* \hoffset=0.0pt
* \voffset=0.0pt
* \mag=1000
* \@twocolumnfalse
* \@twosidefalse
* \@mparswitchfalse
* \@reversemarginfalse
* (1in=72.27pt=25.4mm, 1cm=28.453pt)

LaTeX Font Info:    Trying to load font information for U+msa on input line 27.

(/usr/local/texlive/2026basic/texmf-dist/tex/latex/amsfonts/umsa.fd
File: umsa.fd 2013/01/14 v3.01 AMS symbols A
)
LaTeX Font Info:    Trying to load font information for U+msb on input line 27.


(/usr/local/texlive/2026basic/texmf-dist/tex/latex/amsfonts/umsb.fd
File: umsb.fd 2013/01/14 v3.01 AMS symbols B
)

Package natbib Warning: Citation `namuwiki' on page 1 undefined on input line 4
0.


Package natbib Warning: Citation `straightdope2016' on page 1 undefined on inpu
t line 40.


Package natbib Warning: Citation `eksisozluk' on page 1 undefined on input line
 40.

[1

{/Users/ren/Library/texlive/2026basic/texmf-var/fonts/map/pdftex/updmap/pdftex.
map}]

Package natbib Warning: Citation `opie1969' on page 2 undefined on input line 5
7.


Package natbib Warning: Citation `edwards2000' on page 2 undefined on input lin
e 57.


Package natbib Warning: Citation `burn2014' on page 2 undefined on input line 5
7.


Package natbib Warning: Citation `blank2012' on page 2 undefined on input line 
57.


Package natbib Warning: Citation `owens2025' on page 2 undefined on input line 
57.


Package natbib Warning: Citation `jenkins2006' on page 2 undefined on input lin
e 57.


Package natbib Warning: Citation `ito2010' on page 2 undefined on input line 57
.


Package natbib Warning: Citation `burn2014' on page 2 undefined on input line 5
7.

[2]

Package natbib Warning: Citation `corsaro2005' on page 3 undefined on input lin
e 68.


Package natbib Warning: Citation `corsaro2005' on page 3 undefined on input lin
e 68.


Package natbib Warning: Citation `caillois1961' on page 3 undefined on input li
ne 74.


Package natbib Warning: Citation `huizinga1938' on page 3 undefined on input li
ne 78.


Package natbib Warning: Citation `huizinga1938' on page 3 undefined on input li
ne 78.

[3]

Package natbib Warning: Citation `decerteau1984' on page 4 undefined on input l
ine 82.


Package natbib Warning: Citation `vygotsky1978' on page 4 undefined on input li
ne 88.


Package natbib Warning: Citation `vygotsky1978' on page 4 undefined on input li
ne 88.


Package natbib Warning: Citation `kafai2016' on page 4 undefined on input line 
90.

[4]

Package natbib Warning: Citation `bolter1999' on page 5 undefined on input line
 94.


Package natbib Warning: Citation `burn2014' on page 5 undefined on input line 1
00.


Package natbib Warning: Citation `burn2014' on page 5 undefined on input line 1
00.


Package natbib Warning: Citation `suttonsmith1997' on page 5 undefined on input
 line 104.

[5]

Package natbib Warning: Citation `blank2012' on page 6 undefined on input line 
113.


Overfull \hbox (5.6871pt too wide) in paragraph at lines 115--116
\T1/cmr/m/n/12 Hacker News, Eksi So-zluk), and journalistic/meme-documentation 
sources (Know Your Meme,
 []

[6]

LaTeX Warning: Reference `tab:evidence' on page 7 undefined on input line 124.


Underfull \hbox (badness 10000) in paragraph at lines 133--133
[]\T1/cmr/m/n/10.95 Local
 []


Underfull \hbox (badness 10000) in paragraph at lines 133--133
[]\T1/cmr/m/n/10.95 Core Me-
 []


Underfull \hbox (badness 10000) in paragraph at lines 133--133
[]\T1/cmr/m/n/10.95 Dominant
 []


Underfull \hbox (badness 10000) in paragraph at lines 133--133
[]\T1/cmr/m/n/10.95 Primary
 []


Underfull \hbox (badness 10000) in paragraph at lines 133--133
\T1/cmr/m/n/10.95 Source
 []


Underfull \hbox (badness 10000) in paragraph at lines 133--133
[]\T1/cmr/m/n/10.95 Evidence
 []


Underfull \hbox (badness 10000) in paragraph at lines 133--134
[]\T1/cmr/m/n/10.95 Case
 []


Underfull \hbox (badness 10000) in paragraph at lines 135--135
[]\T1/cmr/m/n/10.95 1
 []


Overfull \hbox (1.60695pt too wide) in paragraph at lines 135--135
\T1/cmr/m/n/10.95 (1970s--
 []


Overfull \hbox (6.92584pt too wide) in paragraph at lines 135--135
[]\T1/cmr/m/n/10.95 Gonghchaek
 []


Underfull \hbox (badness 10000) in paragraph at lines 135--135
\T1/cmr/m/n/10.95 geim
 []


Underfull \hbox (badness 10000) in paragraph at lines 135--135
\T1/cmr/m/n/10.95 (note-book
 []


Underfull \hbox (badness 10000) in paragraph at lines 135--135
[]\T1/cmr/m/n/10.95 Stat-based
 []


Underfull \hbox (badness 10000) in paragraph at lines 135--135
\T1/cmr/m/n/10.95 char-ac-ter
 []


Underfull \hbox (badness 10000) in paragraph at lines 135--135
\T1/cmr/m/n/10.95 cre-ation,
 []


Underfull \hbox (badness 10000) in paragraph at lines 135--135
\T1/cmr/m/n/10.95 operator-
 []


Underfull \hbox (badness 10000) in paragraph at lines 135--135
\T1/cmr/m/n/10.95 managed
 []


Underfull \hbox (badness 10000) in paragraph at lines 135--135
\T1/cmr/m/n/10.95 RPG on
 []


Underfull \hbox (badness 10000) in paragraph at lines 135--135
[]\T1/cmr/m/n/10.95 MMORPGs
 []


Overfull \hbox (4.48976pt too wide) in paragraph at lines 135--135
\T1/cmr/m/n/10.95 (MapleStory,
 []


Underfull \hbox (badness 10000) in paragraph at lines 135--135
\T1/cmr/m/n/10.95 Rag-narok
 []


Underfull \hbox (badness 10000) in paragraph at lines 135--135
\T1/cmr/m/n/10.95 On-line,
 []


Underfull \hbox (badness 10000) in paragraph at lines 135--135
[]\T1/cmr/m/n/10.95 Wiki
 []


Underfull \hbox (badness 10000) in paragraph at lines 135--135
\T1/cmr/m/n/10.95 doc-u-
 []


Underfull \hbox (badness 10000) in paragraph at lines 135--135
\T1/cmr/m/n/10.95 men-
 []


Underfull \hbox (badness 10000) in paragraph at lines 135--135
\T1/cmr/m/n/10.95 ta-tion
 []


Underfull \hbox (badness 10000) in paragraph at lines 135--135
\T1/cmr/m/n/10.95 (Na-
 []


Underfull \hbox (badness 10000) in paragraph at lines 135--135
[]\T1/cmr/m/n/10.95 Strong
 []


Underfull \hbox (badness 10000) in paragraph at lines 135--135
\T1/cmr/m/n/10.95 (de-tailed
 []


Underfull \hbox (badness 10000) in paragraph at lines 135--135
\T1/cmr/m/n/10.95 com-
 []


Underfull \hbox (badness 10000) in paragraph at lines 135--135
\T1/cmr/m/n/10.95 mu-nity
 []


Underfull \hbox (badness 10000) in paragraph at lines 135--135
\T1/cmr/m/n/10.95 doc-u-men-
 []


Underfull \hbox (badness 10000) in paragraph at lines 137--137
[]\T1/cmr/m/n/10.95 1
 []


Overfull \hbox (1.60695pt too wide) in paragraph at lines 137--137
\T1/cmr/m/n/10.95 (1970s--
 []


Underfull \hbox (badness 10000) in paragraph at lines 137--137
[]\T1/cmr/m/n/10.95 Pencil
 []


Underfull \hbox (badness 10000) in paragraph at lines 137--137
\T1/cmr/m/n/10.95 Wars /
 []


Underfull \hbox (badness 10000) in paragraph at lines 137--137
\T1/cmr/m/n/10.95 Tanks
 []


Underfull \hbox (badness 10000) in paragraph at lines 137--137
\T1/cmr/m/n/10.95 / Pa-per
 []


Underfull \hbox (badness 10000) in paragraph at lines 137--137
[]\T1/cmr/m/n/10.95 Fold-
 []


Underfull \hbox (badness 10000) in paragraph at lines 137--137
\T1/cmr/m/n/10.95 and-dot
 []


Underfull \hbox (badness 10000) in paragraph at lines 137--137
\T1/cmr/m/n/10.95 trans-fer;
 []


Underfull \hbox (badness 10000) in paragraph at lines 137--137
\T1/cmr/m/n/10.95 pencil-flick
 []


Underfull \hbox (badness 10000) in paragraph at lines 137--137
[]\T1/cmr/m/n/10.95 Tabletop
 []


Underfull \hbox (badness 10000) in paragraph at lines 137--137
\T1/cmr/m/n/10.95 wargam-ing,
 []


Underfull \hbox (badness 2343) in paragraph at lines 137--137
\T1/cmr/m/n/10.95 TV ac-tion,
 []


Underfull \hbox (badness 10000) in paragraph at lines 137--137
[]\T1/cmr/m/n/10.95 Folklore
 []


Underfull \hbox (badness 10000) in paragraph at lines 137--137
\T1/cmr/m/n/10.95 archives
 []


Underfull \hbox (badness 10000) in paragraph at lines 137--137
\T1/cmr/m/n/10.95 (USC),
 []


Underfull \hbox (badness 10000) in paragraph at lines 137--137
\T1/cmr/m/n/10.95 fo-rum
 []


Underfull \hbox (badness 10000) in paragraph at lines 137--137
\T1/cmr/m/n/10.95 tes-ti-
 []


Underfull \hbox (badness 10000) in paragraph at lines 137--137
[]\T1/cmr/m/n/10.95 Moderate
 []


Underfull \hbox (badness 10000) in paragraph at lines 137--137
\T1/cmr/m/n/10.95 (mul-ti-ple
 []


Underfull \hbox (badness 10000) in paragraph at lines 137--137
\T1/cmr/m/n/10.95 in-de-
 []


Underfull \hbox (badness 10000) in paragraph at lines 137--137
\T1/cmr/m/n/10.95 pen-dent
 []


Underfull \hbox (badness 1460) in paragraph at lines 139--139
[]\T1/cmr/m/n/10.95 1 (est.
 []


Underfull \hbox (badness 10000) in paragraph at lines 139--139
\T1/cmr/m/n/10.95 1990s--
 []


Underfull \hbox (badness 10000) in paragraph at lines 139--139
[]\T1/cmr/m/n/10.95 Kareli
 []


Underfull \hbox (badness 10000) in paragraph at lines 139--139
\T1/cmr/m/n/10.95 Def-terde
 []


Underfull \hbox (badness 10000) in paragraph at lines 139--139
\T1/cmr/m/n/10.95 Im-para-
 []


Underfull \hbox (badness 10000) in paragraph at lines 139--139
\T1/cmr/m/n/10.95 tor-luk
 []


Underfull \hbox (badness 10000) in paragraph at lines 139--139
[]\T1/cmr/m/n/10.95 Grid-paper
 []


Underfull \hbox (badness 10000) in paragraph at lines 139--139
\T1/cmr/m/n/10.95 ter-ri-to-rial
 []


Underfull \hbox (badness 10000) in paragraph at lines 139--139
\T1/cmr/m/n/10.95 con-quest,
 []


Underfull \hbox (badness 10000) in paragraph at lines 139--139
[]\T1/cmr/m/n/10.95 Board
 []


Underfull \hbox (badness 10000) in paragraph at lines 139--139
\T1/cmr/m/n/10.95 gam-ing,
 []


Underfull \hbox (badness 10000) in paragraph at lines 139--139
\T1/cmr/m/n/10.95 table-top
 []


Underfull \hbox (badness 10000) in paragraph at lines 139--139
\T1/cmr/m/n/10.95 RPG, Ot-
 []


Underfull \hbox (badness 10000) in paragraph at lines 139--139
\T1/cmr/m/n/10.95 toman
 []


Underfull \hbox (badness 10000) in paragraph at lines 139--139
\T1/cmr/m/n/10.95 his-tory
 []


Underfull \hbox (badness 10000) in paragraph at lines 139--139
[]\T1/cmr/m/n/10.95 Forum
 []


Underfull \hbox (badness 10000) in paragraph at lines 139--139
\T1/cmr/m/n/10.95 tes-ti-
 []


Underfull \hbox (badness 10000) in paragraph at lines 139--139
\T1/cmr/m/n/10.95 monies
 []


Underfull \hbox (badness 10000) in paragraph at lines 139--139
\T1/cmr/m/n/10.95 (Eksi
 []


Underfull \hbox (badness 10000) in paragraph at lines 139--139
[]\T1/cmr/m/n/10.95 Moderate
 []


Underfull \hbox (badness 10000) in paragraph at lines 139--139
\T1/cmr/m/n/10.95 (mul-ti-ple
 []


Underfull \hbox (badness 10000) in paragraph at lines 139--139
\T1/cmr/m/n/10.95 tes-ti-
 []


Overfull \hbox (5.29019pt too wide) in paragraph at lines 141--141
[]\T1/cmr/m/n/10.95 Indonesia| 
 []


Underfull \hbox (badness 1460) in paragraph at lines 141--141
[]\T1/cmr/m/n/10.95 1 (est.
 []


Underfull \hbox (badness 10000) in paragraph at lines 141--141
\T1/cmr/m/n/10.95 1990s--
 []


Underfull \hbox (badness 10000) in paragraph at lines 141--141
[]\T1/cmr/m/n/10.95 Perang-
 []


Underfull \hbox (badness 10000) in paragraph at lines 141--141
[]\T1/cmr/m/n/10.95 Fold-and-
 []


Underfull \hbox (badness 10000) in paragraph at lines 141--141
\T1/cmr/m/n/10.95 US Pa-per
 []


Underfull \hbox (badness 10000) in paragraph at lines 141--141
[]\T1/cmr/m/n/10.95 Local
 []


Overfull \hbox (9.73685pt too wide) in paragraph at lines 141--141
[]\T1/cmr/m/n/10.95 Journalistic
 []


Underfull \hbox (badness 10000) in paragraph at lines 141--141
[]\T1/cmr/m/n/10.95 Moderate
 []


Underfull \hbox (badness 10000) in paragraph at lines 141--141
\T1/cmr/m/n/10.95 (me-dia
 []


Underfull \hbox (badness 10000) in paragraph at lines 141--141
\T1/cmr/m/n/10.95 doc-u-men-
 []


Overfull \hbox (13.00613pt too wide) in paragraph at lines 143--143
[]\T1/cmr/m/n/10.95 Philippines| 
 []


Underfull \hbox (badness 1460) in paragraph at lines 143--143
[]\T1/cmr/m/n/10.95 1 (est.
 []


Underfull \hbox (badness 10000) in paragraph at lines 143--143
\T1/cmr/m/n/10.95 1990s--
 []


Underfull \hbox (badness 10000) in paragraph at lines 143--143
[]\T1/cmr/m/n/10.95 Fold-and-
 []


Underfull \hbox (badness 10000) in paragraph at lines 143--143
\T1/cmr/m/n/10.95 (space-craft
 []


Underfull \hbox (badness 10000) in paragraph at lines 143--143
[]\T1/cmr/m/n/10.95 Local
 []


Overfull \hbox (9.73685pt too wide) in paragraph at lines 143--143
[]\T1/cmr/m/n/10.95 Journalistic
 []


Underfull \hbox (badness 10000) in paragraph at lines 143--143
[]\T1/cmr/m/n/10.95 Low-
 []


Underfull \hbox (badness 10000) in paragraph at lines 143--143
\T1/cmr/m/n/10.95 moderate
 []


Underfull \hbox (badness 10000) in paragraph at lines 143--143
\T1/cmr/m/n/10.95 (lim-ited
 []


Underfull \hbox (badness 10000) in paragraph at lines 143--143
\T1/cmr/m/n/10.95 doc-u-men-
 []


Underfull \hbox (badness 10000) in paragraph at lines 145--145
[]\T1/cmr/m/n/10.95 Russia/
 []


Underfull \hbox (badness 10000) in paragraph at lines 145--145
\T1/cmr/m/n/10.95 E. Eu-
 []


Underfull \hbox (badness 3118) in paragraph at lines 145--145
[]\T1/cmr/m/n/10.95 1 (So-
 []


Underfull \hbox (badness 10000) in paragraph at lines 145--145
\T1/cmr/m/n/10.95 viet
 []


Underfull \hbox (badness 10000) in paragraph at lines 145--145
\T1/cmr/m/n/10.95 era--
 []


Underfull \hbox (badness 10000) in paragraph at lines 145--145
[]\T1/cmr/m/n/10.95 Tochki,
 []


Underfull \hbox (badness 10000) in paragraph at lines 145--145
\T1/cmr/m/n/10.95 Klopy,
 []


Underfull \hbox (badness 10000) in paragraph at lines 145--145
[]\T1/cmr/m/n/10.95 Territorial
 []


Underfull \hbox (badness 10000) in paragraph at lines 145--145
\T1/cmr/m/n/10.95 en-clo-sure,
 []


Underfull \hbox (badness 10000) in paragraph at lines 145--145
\T1/cmr/m/n/10.95 ab-stract
 []


Underfull \hbox (badness 10000) in paragraph at lines 145--145
\T1/cmr/m/n/10.95 strat-egy
 []


Underfull \hbox (badness 10000) in paragraph at lines 145--145
\T1/cmr/m/n/10.95 on graph
 []


Overfull \hbox (14.65524pt too wide) in paragraph at lines 145--145
[]\T1/cmr/m/n/10.95 Chess/abstract
 []


Underfull \hbox (badness 10000) in paragraph at lines 145--145
\T1/cmr/m/n/10.95 strat-egy
 []


Underfull \hbox (badness 10000) in paragraph at lines 145--145
[]\T1/cmr/m/n/10.95 Forum
 []


Underfull \hbox (badness 10000) in paragraph at lines 145--145
\T1/cmr/m/n/10.95 tes-ti-
 []


Underfull \hbox (badness 10000) in paragraph at lines 145--145
\T1/cmr/m/n/10.95 monies
 []


Underfull \hbox (badness 10000) in paragraph at lines 145--145
\T1/cmr/m/n/10.95 (Hacker
 []


Overfull \hbox (12.58015pt too wide) in paragraph at lines 145--146
[]\T1/cmr/m/n/10.95 Boundary
 []


Underfull \hbox (badness 10000) in paragraph at lines 145--146
\T1/cmr/m/n/10.95 (lacks
 []


Overfull \hbox (10.31496pt too wide) in paragraph at lines 145--146
\T1/cmr/m/n/10.95 mimicry/
 []


Underfull \hbox (badness 10000) in paragraph at lines 145--146
\T1/cmr/m/n/10.95 char-
 []


Underfull \hbox (badness 10000) in paragraph at lines 145--146
\T1/cmr/m/n/10.95 ac-ter
 []


Underfull \hbox (badness 10000) in paragraph at lines 145--146
\T1/cmr/m/n/10.95 cre-
 []


Underfull \hbox (badness 1460) in paragraph at lines 147--147
[]\T1/cmr/m/n/10.95 1 (est.
 []


Underfull \hbox (badness 10000) in paragraph at lines 147--147
\T1/cmr/m/n/10.95 1990s--
 []


Underfull \hbox (badness 10000) in paragraph at lines 147--147
[]\T1/cmr/m/n/10.95 Flicking
 []


Underfull \hbox (badness 10000) in paragraph at lines 147--147
\T1/cmr/m/n/10.95 pens off
 []


Underfull \hbox (badness 5022) in paragraph at lines 147--147
[]\T1/cmr/m/n/10.95 School im-
 []


Underfull \hbox (badness 10000) in paragraph at lines 147--147
\T1/cmr/m/n/10.95 ple-ments
 []


Underfull \hbox (badness 10000) in paragraph at lines 147--147
[]\T1/cmr/m/n/10.95 Folklore
 []


Underfull \hbox (badness 10000) in paragraph at lines 147--147
\T1/cmr/m/n/10.95 archives
 []


Underfull \hbox (badness 10000) in paragraph at lines 147--147
\T1/cmr/m/n/10.95 (USC),
 []


Underfull \hbox (badness 10000) in paragraph at lines 147--147
\T1/cmr/m/n/10.95 jour-nal-
 []


Underfull \hbox (badness 10000) in paragraph at lines 147--147
[]\T1/cmr/m/n/10.95 Moderate
 []


Underfull \hbox (badness 10000) in paragraph at lines 147--147
\T1/cmr/m/n/10.95 (na-tional
 []


Underfull \hbox (badness 10000) in paragraph at lines 147--147
\T1/cmr/m/n/10.95 cham-pi-
 []


Underfull \hbox (badness 10000) in paragraph at lines 147--147
\T1/cmr/m/n/10.95 onship
 []


Underfull \hbox (badness 10000) in paragraph at lines 147--147
\T1/cmr/m/n/10.95 doc-u-
 []


Overfull \hbox (12.58015pt too wide) in paragraph at lines 147--148
[]\T1/cmr/m/n/10.95 Boundary
 []


Underfull \hbox (badness 10000) in paragraph at lines 147--148
\T1/cmr/m/n/10.95 (lacks
 []


Underfull \hbox (badness 10000) in paragraph at lines 147--148
\T1/cmr/m/n/10.95 char-
 []


Underfull \hbox (badness 10000) in paragraph at lines 147--148
\T1/cmr/m/n/10.95 ac-ter
 []


Underfull \hbox (badness 10000) in paragraph at lines 147--148
\T1/cmr/m/n/10.95 cre-
 []


Underfull \hbox (badness 10000) in paragraph at lines 149--149
[]\T1/cmr/m/n/10.95 (Thin
 []


Underfull \hbox (badness 10000) in paragraph at lines 149--149
\T1/cmr/m/n/10.95 Era 1
 []


Underfull \hbox (badness 10000) in paragraph at lines 149--149
\T1/cmr/m/n/10.95 ev-i-dence;
 []


Underfull \hbox (badness 10000) in paragraph at lines 149--149
\T1/cmr/m/n/10.95 strong
 []


Underfull \hbox (badness 10000) in paragraph at lines 149--149
\T1/cmr/m/n/10.95 Era 3
 []


Underfull \hbox (badness 10000) in paragraph at lines 149--149
[]\T1/cmr/m/n/10.95 Era 1:
 []


Underfull \hbox (badness 10000) in paragraph at lines 149--149
\T1/cmr/m/n/10.95 Lim-ited
 []


Underfull \hbox (badness 10000) in paragraph at lines 149--149
\T1/cmr/m/n/10.95 ``Tanks''
 []


Underfull \hbox (badness 10000) in paragraph at lines 149--149
\T1/cmr/m/n/10.95 in cross-
 []


Underfull \hbox (badness 10000) in paragraph at lines 149--149
\T1/cmr/m/n/10.95 cultural
 []


Underfull \hbox (badness 10000) in paragraph at lines 149--149
\T1/cmr/m/n/10.95 con-text;
 []


Underfull \hbox (badness 10000) in paragraph at lines 149--149
\T1/cmr/m/n/10.95 Era 3:
 []


Underfull \hbox (badness 10000) in paragraph at lines 149--149
\T1/cmr/m/n/10.95 brain-rot
 []


Underfull \hbox (badness 10000) in paragraph at lines 149--149
\T1/cmr/m/n/10.95 (1992),
 []


Underfull \hbox (badness 10000) in paragraph at lines 149--149
\T1/cmr/m/n/10.95 RPGs,
 []


Underfull \hbox (badness 10000) in paragraph at lines 149--149
\T1/cmr/m/n/10.95 shonen
 []


Underfull \hbox (badness 1496) in paragraph at lines 149--149
\T1/cmr/m/n/10.95 manga; AI
 []


Underfull \hbox (badness 10000) in paragraph at lines 149--149
[]\T1/cmr/m/n/10.95 Folklore
 []


Underfull \hbox (badness 10000) in paragraph at lines 149--149
\T1/cmr/m/n/10.95 archives;
 []


Underfull \hbox (badness 10000) in paragraph at lines 149--149
\T1/cmr/m/n/10.95 in-dus-try
 []


Underfull \hbox (badness 10000) in paragraph at lines 149--149
\T1/cmr/m/n/10.95 re-ports
 []


Overfull \hbox (29.90044pt too wide) in paragraph at lines 149--149
\T1/cmr/m/n/10.95 (KADOKAWA)| 
 []


Underfull \hbox (badness 10000) in paragraph at lines 149--149
[]\T1/cmr/m/n/10.95 Low
 []


Underfull \hbox (badness 10000) in paragraph at lines 149--149
\T1/cmr/m/n/10.95 (Era 1)
 []


Underfull \hbox (badness 10000) in paragraph at lines 149--149
\T1/cmr/m/n/10.95 / Strong
 []


Overfull \hbox (28.46774pt too wide) in paragraph at lines 149--150
[]\T1/cmr/m/n/10.95 Theoretically
 []


Underfull \hbox (badness 10000) in paragraph at lines 149--150
\T1/cmr/m/n/10.95 in-
 []


Underfull \hbox (badness 10000) in paragraph at lines 149--150
\T1/cmr/m/n/10.95 struc-
 []


Underfull \hbox (badness 10000) in paragraph at lines 149--150
\T1/cmr/m/n/10.95 tive
 []


Underfull \hbox (badness 10000) in paragraph at lines 149--150
\T1/cmr/m/n/10.95 ab-
 []


Underfull \hbox (badness 10000) in paragraph at lines 151--151
[]\T1/cmr/m/n/10.95 Global
 []


Underfull \hbox (badness 10000) in paragraph at lines 151--151
[]\T1/cmr/m/n/10.95 2
 []


Overfull \hbox (1.60695pt too wide) in paragraph at lines 151--151
\T1/cmr/m/n/10.95 (2010s--
 []


Underfull \hbox (badness 10000) in paragraph at lines 151--151
[]\T1/cmr/m/n/10.95 Roblox/
 []


Underfull \hbox (badness 10000) in paragraph at lines 151--151
\T1/cmr/m/n/10.95 Fort-nite
 []


Underfull \hbox (badness 10000) in paragraph at lines 151--151
[]\T1/cmr/m/n/10.95 Platform-
 []


Underfull \hbox (badness 5022) in paragraph at lines 151--151
\T1/cmr/m/n/10.95 ation plat-
 []


Underfull \hbox (badness 10000) in paragraph at lines 151--151
[]\T1/cmr/m/n/10.95 Industry
 []


Underfull \hbox (badness 10000) in paragraph at lines 151--151
\T1/cmr/m/n/10.95 data
 []


Underfull \hbox (badness 10000) in paragraph at lines 151--151
\T1/cmr/m/n/10.95 (Naavik,
 []


Underfull \hbox (badness 10000) in paragraph at lines 151--151
\T1/cmr/m/n/10.95 Verse-
 []


Underfull \hbox (badness 10000) in paragraph at lines 151--151
[]\T1/cmr/m/n/10.95 Strong
 []


Underfull \hbox (badness 10000) in paragraph at lines 151--151
\T1/cmr/m/n/10.95 (quan-
 []


Underfull \hbox (badness 10000) in paragraph at lines 151--151
\T1/cmr/m/n/10.95 ti-ta-tive
 []


Underfull \hbox (badness 10000) in paragraph at lines 151--151
\T1/cmr/m/n/10.95 plat-form
 []


Overfull \hbox (14.2515pt too wide) in paragraph at lines 151--152
[]\T1/cmr/m/n/10.95 Structural
 []


Underfull \hbox (badness 10000) in paragraph at lines 151--152
\T1/cmr/m/n/10.95 con-ti-
 []


Underfull \hbox (badness 10000) in paragraph at lines 151--152
\T1/cmr/m/n/10.95 nu-ity
 []


Underfull \hbox (badness 10000) in paragraph at lines 153--153
[]\T1/cmr/m/n/10.95 Global
 []


Underfull \hbox (badness 10000) in paragraph at lines 153--153
[]\T1/cmr/m/n/10.95 3
 []


Underfull \hbox (badness 10000) in paragraph at lines 153--153
\T1/cmr/m/n/10.95 (2025--
 []


Underfull \hbox (badness 10000) in paragraph at lines 153--153
[]\T1/cmr/m/n/10.95 Italian
 []


Underfull \hbox (badness 10000) in paragraph at lines 153--153
[]\T1/cmr/m/n/10.95 AI-
 []


Underfull \hbox (badness 10000) in paragraph at lines 153--153
\T1/cmr/m/n/10.95 generated
 []


Underfull \hbox (badness 10000) in paragraph at lines 153--153
\T1/cmr/m/n/10.95 char-ac-
 []


Underfull \hbox (badness 10000) in paragraph at lines 153--153
\T1/cmr/m/n/10.95 ters with
 []


Underfull \hbox (badness 10000) in paragraph at lines 153--153
\T1/cmr/m/n/10.95 pseudo-
 []


Underfull \hbox (badness 10000) in paragraph at lines 153--153
\T1/cmr/m/n/10.95 Italian
 []


Underfull \hbox (badness 10000) in paragraph at lines 153--153
\T1/cmr/m/n/10.95 names,
 []


Underfull \hbox (badness 10000) in paragraph at lines 153--153
\T1/cmr/m/n/10.95 power-level
 []


Underfull \hbox (badness 10000) in paragraph at lines 153--153
[]\T1/cmr/m/n/10.95 AI im-age
 []


Underfull \hbox (badness 10000) in paragraph at lines 153--153
\T1/cmr/m/n/10.95 gen-er-a-tion,
 []


Underfull \hbox (badness 10000) in paragraph at lines 153--153
\T1/cmr/m/n/10.95 Tik-Tok/
 []


Underfull \hbox (badness 10000) in paragraph at lines 153--153
[]\T1/cmr/m/n/10.95 Meme
 []


Underfull \hbox (badness 10000) in paragraph at lines 153--153
\T1/cmr/m/n/10.95 doc-u-
 []


Underfull \hbox (badness 10000) in paragraph at lines 153--153
\T1/cmr/m/n/10.95 men-
 []


Underfull \hbox (badness 10000) in paragraph at lines 153--153
\T1/cmr/m/n/10.95 ta-tion,
 []


Underfull \hbox (badness 10000) in paragraph at lines 153--153
\T1/cmr/m/n/10.95 jour-
 []


Underfull \hbox (badness 10000) in paragraph at lines 153--153
\T1/cmr/m/n/10.95 nal-ism,
 []


Underfull \hbox (badness 10000) in paragraph at lines 153--153
\T1/cmr/m/n/10.95 in-dus-try
 []


Underfull \hbox (badness 10000) in paragraph at lines 153--153
[]\T1/cmr/m/n/10.95 Strong
 []


Underfull \hbox (badness 10000) in paragraph at lines 153--153
\T1/cmr/m/n/10.95 (real-time
 []


Underfull \hbox (badness 10000) in paragraph at lines 153--153
\T1/cmr/m/n/10.95 doc-u-men-
 []


LaTeX Warning: Float too large for page by 375.74388pt on input line 156.


Package natbib Warning: Citation `namuwiki' on page 7 undefined on input line 1
62.


Package natbib Warning: Citation `uscfolklore' on page 7 undefined on input lin
e 166.


Package natbib Warning: Citation `instructables' on page 7 undefined on input l
ine 166.


Package natbib Warning: Citation `hackernews2017' on page 7 undefined on input 
line 176.

[7] [8]

Package natbib Warning: Citation `naavik2026' on page 9 undefined on input line
 180.


Package natbib Warning: Citation `decerteau1984' on page 9 undefined on input l
ine 182.


Package natbib Warning: Citation `decerteau1984' on page 9 undefined on input l
ine 182.


Package natbib Warning: Citation `cds2025' on page 9 undefined on input line 18
4.


Package natbib Warning: Citation `versework2025' on page 9 undefined on input l
ine 184.


Package natbib Warning: Citation `kafai2016' on page 9 undefined on input line 
186.

[9]

Package natbib Warning: Citation `kym2025' on page 10 undefined on input line 1
90.


Package natbib Warning: Citation `abcnews2025' on page 10 undefined on input li
ne 192.


Package natbib Warning: Citation `flinterud2023' on page 10 undefined on input 
line 192.


Package natbib Warning: Citation `barchiesi2025' on page 10 undefined on input 
line 192.


Package natbib Warning: Citation `pocketgamer2025' on page 10 undefined on inpu
t line 194.


Package natbib Warning: Citation `licenseglobal2026' on page 10 undefined on in
put line 194.


Package natbib Warning: Citation `automaton2026' on page 10 undefined on input 
line 194.


Package natbib Warning: Citation `melo2026' on page 10 undefined on input line 
194.


Package natbib Warning: Citation `divon2025' on page 10 undefined on input line
 196.


Package natbib Warning: Citation `gotzfried2026' on page 10 undefined on input 
line 196.

[10]

LaTeX Warning: Reference `fig:cross-era' on page 11 undefined on input line 200
.


Package natbib Warning: Citation `caillois1961' on page 11 undefined on input l
ine 203.


Package natbib Warning: Citation `corsaro2005' on page 11 undefined on input li
ne 207.


Overfull \hbox (19.60133pt too wide) in paragraph at lines 324--325
 [][] 
 []


Package natbib Warning: Citation `bolter1999' on page 11 undefined on input lin
e 335.


Package natbib Warning: Citation `jenkins2006' on page 11 undefined on input li
ne 335.


Package natbib Warning: Citation `caillois1961' on page 11 undefined on input l
ine 335.


Package natbib Warning: Citation `huizinga1938' on page 11 undefined on input l
ine 335.


Package natbib Warning: Citation `corsaro2005' on page 11 undefined on input li
ne 335.


Package natbib Warning: Citation `corsaro2005' on page 11 undefined on input li
ne 335.

[11]

Package natbib Warning: Citation `naroll1961' on page 12 undefined on input lin
e 342.

[12]

Package natbib Warning: Citation `fine1983' on page 13 undefined on input line 
350.


Package natbib Warning: Citation `mustola2018' on page 13 undefined on input li
ne 352.

[13]

Package natbib Warning: Citation `lancy2015' on page 14 undefined on input line
 354.


Package natbib Warning: Citation `henrich2010' on page 14 undefined on input li
ne 354.


Package natbib Warning: Citation `automaton2026' on page 14 undefined on input 
line 362.

[14]

Package natbib Warning: Citation `chinyowa2024' on page 15 undefined on input l
ine 366.


Package natbib Warning: Citation `iannelli2026' on page 15 undefined on input l
ine 366.


Overfull \hbox (18.37856pt too wide) in paragraph at lines 366--367
\T1/cmr/m/n/12 Our doc-u-men-tary ev-i-dence con-tains no cases from sub-Sahara
n Africa or the Mid-dle East/MENA
 []


Package natbib Warning: Citation `smith2022' on page 15 undefined on input line
 370.


Package natbib Warning: Citation `opie1969' on page 15 undefined on input line 
370.


Package natbib Warning: Citation `automaton2026' on page 15 undefined on input 
line 370.


Package natbib Warning: Citation `suttonsmith1997' on page 15 undefined on inpu
t line 378.


Package natbib Warning: Citation `suttonsmith1997' on page 15 undefined on inpu
t line 378.

[15]

Package natbib Warning: Citation `kafai2016' on page 16 undefined on input line
 382.


Package natbib Warning: Citation `kafai2016' on page 16 undefined on input line
 382.

[16]
Underfull \hbox (badness 10000) in paragraph at lines 405--408
[]\T1/cmr/m/n/12 AUTOMATON WEST. (2026).  Kadokawa to pub-lish Ital-ian brain-
 []


Underfull \hbox (badness 10000) in paragraph at lines 405--408
\T1/cmr/m/n/12 rot en-cy-clo-pe-dia for kids amidst AI-generated meme boom in
 []


Underfull \hbox (badness 10000) in paragraph at lines 405--408
\T1/cmr/m/n/12 Japan.  Re-trieved from []$\T1/cmtt/m/n/12 https : / / automaton
-[]media . com / en / news /
 []


Overfull \hbox (153.99437pt too wide) in paragraph at lines 405--408
\T1/cmtt/m/n/12 kadokawa-[]to-[]publish-[]italian-[]brainrot-[]encyclopedia-[]f
or-[]kids-[]amidst-[]ai-[]generated-[]meme-[]boom-[]in-[]japan/$[] 
 []

[17]
Underfull \hbox (badness 1454) in paragraph at lines 541--544
[]\T1/cmr/m/n/12 License Global. (2026).  Spin Mas-ter to sup-port Ski-fi-dol I
tal-ian brain-rot US ex-
 []


Underfull \hbox (badness 10000) in paragraph at lines 541--544
\T1/cmr/m/n/12 pan-sion.  Re-trieved from []$\T1/cmtt/m/n/12 https : / / www . 
licenseglobal . com / entertainment /
 []


Overfull \hbox (103.60643pt too wide) in paragraph at lines 541--544
\T1/cmtt/m/n/12 spin-[]master-[]and-[]officina-[]comunicazione-[]to-[]bring-[]s
kifidol-[]italian-[]brainrot-[]to-[]north-[]america$[] 
 []

[18]
Underfull \hbox (badness 2027) in paragraph at lines 584--587
[]\T1/cmr/m/n/12 PocketGamer.biz. (2025).  Roblox's Steal a Brain-rot be-comes 
first game to sur-
 []


Underfull \hbox (badness 3439) in paragraph at lines 584--587
\T1/cmr/m/n/12 pass 25m con-cur-rent play-ers.  Re-trieved from []$\T1/cmtt/m/n
/12 https : / / www . pocketgamer . biz /
 []


Overfull \hbox (29.02452pt too wide) in paragraph at lines 584--587
\T1/cmtt/m/n/12 robloxs-[]steal-[]a-[]brainrot-[]becomes-[]first-[]game-[]to-[]
surpass-[]25m-[]concurrent-[]players/$[] 
 []


Underfull \hbox (badness 10000) in paragraph at lines 595--598
\T1/cmtt/m/n/12 remember-[]this-[]childhood-[]game-[]war-[]on-[]a-[]folded-[]pi
ece-[]of-[]paper-[]and-[]a-[]pencil /
 []


Package natbib Warning: There were undefined citations.

[19] (./main.aux

Package natbib Warning: Citation(s) may have changed.
(natbib)                Rerun to get citations correct.

)
 ***********
LaTeX2e <2025-11-01>
L3 programming layer <2026-01-19>
 ***********


LaTeX Warning: There were undefined references.


LaTeX Warning: Label(s) may have changed. Rerun to get cross-references right.


Package rerunfilecheck Warning: File `main.out' has changed.
(rerunfilecheck)                Rerun to get outlines right
(rerunfilecheck)                or use package `bookmark'.

Package rerunfilecheck Info: Checksums for `main.out':
(rerunfilecheck)             Before: <no file>
(rerunfilecheck)             After:  2FD07CDC3F4B894FF5B328F6D9223CC7;8710.
 ) 
Here is how much of TeX's memory you used:
 22399 strings out of 469006
 414060 string characters out of 5454813
 817797 words of memory out of 5000000
 50637 multiletter control sequences out of 15000+600000
 648070 words of font info for 92 fonts, out of 8000000 for 9000
 319 hyphenation exceptions out of 8191
 84i,12n,104p,1739b,1194s stack positions out of 10000i,1000n,20000p,200000b,200000s
 </Users/ren/Library/texlive/2026basic/texmf-var/fonts/pk/ljfour/jknappen/ec/
ectt1200.600pk> </Users/ren/Library/texlive/2026basic/texmf-var/fonts/pk/ljfour
/jknappen/ec/tcti0800.600pk> </Users/ren/Library/texlive/2026basic/texmf-var/fo
nts/pk/ljfour/jknappen/ec/ecti0800.600pk> </Users/ren/Library/texlive/2026basic
/texmf-var/fonts/pk/ljfour/jknappen/ec/ecbi0800.600pk> </Users/ren/Library/texl
ive/2026basic/texmf-var/fonts/pk/ljfour/jknappen/ec/ecrm0800.600pk> </Users/ren
/Library/texlive/2026basic/texmf-var/fonts/pk/ljfour/jknappen/ec/ecbx0800.600pk
> </Users/ren/Library/texlive/2026basic/texmf-var/fonts/pk/ljfour/jknappen/ec/e
cti1200.600pk> </Users/ren/Library/texlive/2026basic/texmf-var/fonts/pk/ljfour/
jknappen/ec/ecbx1200.600pk> </Users/ren/Library/texlive/2026basic/texmf-var/fon
ts/pk/ljfour/jknappen/ec/ecrm1200.600pk> </Users/ren/Library/texlive/2026basic/
texmf-var/fonts/pk/ljfour/jknappen/ec/ecbx1440.600pk> </Users/ren/Library/texli
ve/2026basic/texmf-var/fonts/pk/ljfour/jknappen/ec/ecbx1728.600pk> </Users/ren/
Library/texlive/2026basic/texmf-var/fonts/pk/ljfour/jknappen/ec/ecrm1095.600pk>
 </Users/ren/Library/texlive/2026basic/texmf-var/fonts/pk/ljfour/jknappen/ec/ec
bx1095.600pk> </Users/ren/Library/texlive/2026basic/texmf-var/fonts/pk/ljfour/j
knappen/ec/ectt1440.600pk> </Users/ren/Library/texlive/2026basic/texmf-var/font
s/pk/ljfour/jknappen/ec/ecrm1440.600pk> </Users/ren/Library/texlive/2026basic/t
exmf-var/fonts/pk/ljfour/jknappen/ec/ecrm2074.600pk></usr/local/texlive/2026bas
ic/texmf-dist/fonts/type1/public/amsfonts/cm/cmmi12.pfb></usr/local/texlive/202
6basic/texmf-dist/fonts/type1/public/amsfonts/cm/cmr12.pfb></usr/local/texlive/
2026basic/texmf-dist/fonts/type1/public/amsfonts/cm/cmsy10.pfb>
Output written on main.pdf (19 pages, 279781 bytes).
PDF statistics:
 940 PDF objects out of 1000 (max. 8388607)
 282 compressed objects within 3 object streams
 102 named destinations out of 1000 (max. 500000)
 13 words of extra memory for PDF output out of 10000 (max. 10000000)

